{"__type":"$$EventMessageAudit","id":"aad4f5c6-23c1-4234-a829-660298fe9ecc","ts":"2025-09-19T21:56:42.819+00:00","eventName":"n8n.audit.workflow.created","message":"n8n.audit.workflow.created","payload":{"userId":"c0420d75-e306-4441-88bb-109851ea2734","_email":"vaasmello@gmail.com","_firstName":"Vinicius","_lastName":"Mello","globalRole":"global:owner","workflowId":"XwDfraD2zly07Fv6","workflowName":"My workflow"}}
{"__type":"$$EventMessageConfirm","confirm":"aad4f5c6-23c1-4234-a829-660298fe9ecc","ts":"2025-09-19T21:56:42.819+00:00","source":{"id":"0","name":"eventBus"}}
{"__type":"$$EventMessageWorkflow","id":"fe6f9860-0967-4e9f-89bd-82dd9fe05eea","ts":"2025-09-19T21:56:42.876+00:00","eventName":"n8n.workflow.started","message":"n8n.workflow.started","payload":{"executionId":"2","workflowId":"XwDfraD2zly07Fv6","isManual":false,"workflowName":"My workflow"}}
{"__type":"$$EventMessageConfirm","confirm":"fe6f9860-0967-4e9f-89bd-82dd9fe05eea","ts":"2025-09-19T21:56:42.876+00:00","source":{"id":"0","name":"eventBus"}}
{"__type":"$$EventMessageNode","id":"fbbd59f3-c2cb-46c5-811b-8c07c4ab42ba","ts":"2025-09-19T21:56:42.878+00:00","eventName":"n8n.node.started","message":"n8n.node.started","payload":{"workflowId":"XwDfraD2zly07Fv6","workflowName":"My workflow","executionId":"2","nodeType":"n8n-nodes-base.manualTrigger","nodeName":"When clicking ‘Test workflow’"}}
{"__type":"$$EventMessageConfirm","confirm":"fbbd59f3-c2cb-46c5-811b-8c07c4ab42ba","ts":"2025-09-19T21:56:42.878+00:00","source":{"id":"0","name":"eventBus"}}
{"__type":"$$EventMessageNode","id":"1083319c-ab5f-4db4-9bb0-fac73633fb0f","ts":"2025-09-19T21:56:42.881+00:00","eventName":"n8n.node.finished","message":"n8n.node.finished","payload":{"workflowId":"XwDfraD2zly07Fv6","workflowName":"My workflow","executionId":"2","nodeType":"n8n-nodes-base.manualTrigger","nodeName":"When clicking ‘Test workflow’"}}
{"__type":"$$EventMessageConfirm","confirm":"1083319c-ab5f-4db4-9bb0-fac73633fb0f","ts":"2025-09-19T21:56:42.881+00:00","source":{"id":"0","name":"eventBus"}}
{"__type":"$$EventMessageNode","id":"f0705354-faeb-418a-b65c-c62cc28ca8ab","ts":"2025-09-19T21:56:42.881+00:00","eventName":"n8n.node.started","message":"n8n.node.started","payload":{"workflowId":"XwDfraD2zly07Fv6","workflowName":"My workflow","executionId":"2","nodeType":"CUSTOM.random","nodeName":"Random"}}
{"__type":"$$EventMessageConfirm","confirm":"f0705354-faeb-418a-b65c-c62cc28ca8ab","ts":"2025-09-19T21:56:42.881+00:00","source":{"id":"0","name":"eventBus"}}
{"__type":"$$EventMessageNode","id":"11858b64-c7ee-4657-88dd-5928c5f9c21c","ts":"2025-09-19T21:56:43.955+00:00","eventName":"n8n.node.finished","message":"n8n.node.finished","payload":{"workflowId":"XwDfraD2zly07Fv6","workflowName":"My workflow","executionId":"2","nodeType":"CUSTOM.random","nodeName":"Random"}}
{"__type":"$$EventMessageConfirm","confirm":"11858b64-c7ee-4657-88dd-5928c5f9c21c","ts":"2025-09-19T21:56:43.955+00:00","source":{"id":"0","name":"eventBus"}}
{"__type":"$$EventMessageWorkflow","id":"bb4e6cdc-5050-465d-9683-1c73b2f81430","ts":"2025-09-19T21:56:43.958+00:00","eventName":"n8n.workflow.success","message":"n8n.workflow.success","payload":{"executionId":"2","userId":"c0420d75-e306-4441-88bb-109851ea2734","success":true,"isManual":true,"workflowId":"XwDfraD2zly07Fv6","workflowName":"My workflow"}}
{"__type":"$$EventMessageConfirm","confirm":"bb4e6cdc-5050-465d-9683-1c73b2f81430","ts":"2025-09-19T21:56:43.958+00:00","source":{"id":"0","name":"eventBus"}}
{"__type":"$$EventMessageWorkflow","id":"4e9ff721-01e1-4aa3-80c7-e86e7c97b4be","ts":"2025-09-19T21:57:29.861+00:00","eventName":"n8n.workflow.started","message":"n8n.workflow.started","payload":{"executionId":"3","workflowId":"XwDfraD2zly07Fv6","isManual":false,"workflowName":"My workflow"}}
{"__type":"$$EventMessageConfirm","confirm":"4e9ff721-01e1-4aa3-80c7-e86e7c97b4be","ts":"2025-09-19T21:57:29.861+00:00","source":{"id":"0","name":"eventBus"}}
{"__type":"$$EventMessageNode","id":"7df7f0c6-976c-4d16-9a0d-b9d4bbb0a2d6","ts":"2025-09-19T21:57:29.861+00:00","eventName":"n8n.node.started","message":"n8n.node.started","payload":{"workflowId":"XwDfraD2zly07Fv6","workflowName":"My workflow","executionId":"3","nodeType":"CUSTOM.random","nodeName":"Random"}}
{"__type":"$$EventMessageConfirm","confirm":"7df7f0c6-976c-4d16-9a0d-b9d4bbb0a2d6","ts":"2025-09-19T21:57:29.861+00:00","source":{"id":"0","name":"eventBus"}}
{"__type":"$$EventMessageNode","id":"df39bf7e-b1db-42e1-97d7-66e53d7445ce","ts":"2025-09-19T21:57:30.301+00:00","eventName":"n8n.node.finished","message":"n8n.node.finished","payload":{"workflowId":"XwDfraD2zly07Fv6","workflowName":"My workflow","executionId":"3","nodeType":"CUSTOM.random","nodeName":"Random"}}
{"__type":"$$EventMessageConfirm","confirm":"df39bf7e-b1db-42e1-97d7-66e53d7445ce","ts":"2025-09-19T21:57:30.301+00:00","source":{"id":"0","name":"eventBus"}}
{"__type":"$$EventMessageWorkflow","id":"83b7e916-4031-4eba-86af-cb99ba5a7783","ts":"2025-09-19T21:57:30.302+00:00","eventName":"n8n.workflow.success","message":"n8n.workflow.success","payload":{"executionId":"3","userId":"c0420d75-e306-4441-88bb-109851ea2734","success":true,"isManual":true,"workflowId":"XwDfraD2zly07Fv6","workflowName":"My workflow"}}
{"__type":"$$EventMessageConfirm","confirm":"83b7e916-4031-4eba-86af-cb99ba5a7783","ts":"2025-09-19T21:57:30.302+00:00","source":{"id":"0","name":"eventBus"}}
{"__type":"$$EventMessageWorkflow","id":"77d31eb7-6124-4bc1-ba82-3ccb91fa7b9a","ts":"2025-09-19T21:57:31.559+00:00","eventName":"n8n.workflow.started","message":"n8n.workflow.started","payload":{"executionId":"4","workflowId":"XwDfraD2zly07Fv6","isManual":false,"workflowName":"My workflow"}}
{"__type":"$$EventMessageConfirm","confirm":"77d31eb7-6124-4bc1-ba82-3ccb91fa7b9a","ts":"2025-09-19T21:57:31.559+00:00","source":{"id":"0","name":"eventBus"}}
{"__type":"$$EventMessageNode","id":"38214f35-fd93-4c5a-ab57-c296f99ab6d0","ts":"2025-09-19T21:57:31.560+00:00","eventName":"n8n.node.started","message":"n8n.node.started","payload":{"workflowId":"XwDfraD2zly07Fv6","workflowName":"My workflow","executionId":"4","nodeType":"CUSTOM.random","nodeName":"Random"}}
{"__type":"$$EventMessageConfirm","confirm":"38214f35-fd93-4c5a-ab57-c296f99ab6d0","ts":"2025-09-19T21:57:31.560+00:00","source":{"id":"0","name":"eventBus"}}
{"__type":"$$EventMessageNode","id":"dc3e7d3e-df05-4583-b2df-99f995014bb8","ts":"2025-09-19T21:57:32.007+00:00","eventName":"n8n.node.finished","message":"n8n.node.finished","payload":{"workflowId":"XwDfraD2zly07Fv6","workflowName":"My workflow","executionId":"4","nodeType":"CUSTOM.random","nodeName":"Random"}}
{"__type":"$$EventMessageConfirm","confirm":"dc3e7d3e-df05-4583-b2df-99f995014bb8","ts":"2025-09-19T21:57:32.007+00:00","source":{"id":"0","name":"eventBus"}}
{"__type":"$$EventMessageWorkflow","id":"eb4ff1f3-79a5-46c1-a455-63f779c0c9eb","ts":"2025-09-19T21:57:32.008+00:00","eventName":"n8n.workflow.success","message":"n8n.workflow.success","payload":{"executionId":"4","userId":"c0420d75-e306-4441-88bb-109851ea2734","success":true,"isManual":true,"workflowId":"XwDfraD2zly07Fv6","workflowName":"My workflow"}}
{"__type":"$$EventMessageConfirm","confirm":"eb4ff1f3-79a5-46c1-a455-63f779c0c9eb","ts":"2025-09-19T21:57:32.008+00:00","source":{"id":"0","name":"eventBus"}}
{"__type":"$$EventMessageWorkflow","id":"fe991e8d-e69e-4b71-8336-82051474b224","ts":"2025-09-19T21:57:32.663+00:00","eventName":"n8n.workflow.started","message":"n8n.workflow.started","payload":{"executionId":"5","workflowId":"XwDfraD2zly07Fv6","isManual":false,"workflowName":"My workflow"}}
{"__type":"$$EventMessageConfirm","confirm":"fe991e8d-e69e-4b71-8336-82051474b224","ts":"2025-09-19T21:57:32.663+00:00","source":{"id":"0","name":"eventBus"}}
{"__type":"$$EventMessageNode","id":"86f5fd2d-9991-4bfa-a3ab-172f73c21fd9","ts":"2025-09-19T21:57:32.663+00:00","eventName":"n8n.node.started","message":"n8n.node.started","payload":{"workflowId":"XwDfraD2zly07Fv6","workflowName":"My workflow","executionId":"5","nodeType":"CUSTOM.random","nodeName":"Random"}}
{"__type":"$$EventMessageConfirm","confirm":"86f5fd2d-9991-4bfa-a3ab-172f73c21fd9","ts":"2025-09-19T21:57:32.663+00:00","source":{"id":"0","name":"eventBus"}}
{"__type":"$$EventMessageNode","id":"95a925c4-0251-43f2-9648-c8ee4b34c70d","ts":"2025-09-19T21:57:33.053+00:00","eventName":"n8n.node.finished","message":"n8n.node.finished","payload":{"workflowId":"XwDfraD2zly07Fv6","workflowName":"My workflow","executionId":"5","nodeType":"CUSTOM.random","nodeName":"Random"}}
{"__type":"$$EventMessageConfirm","confirm":"95a925c4-0251-43f2-9648-c8ee4b34c70d","ts":"2025-09-19T21:57:33.053+00:00","source":{"id":"0","name":"eventBus"}}
{"__type":"$$EventMessageWorkflow","id":"55afdd64-608f-40e9-acc3-f67e614e201e","ts":"2025-09-19T21:57:33.054+00:00","eventName":"n8n.workflow.success","message":"n8n.workflow.success","payload":{"executionId":"5","userId":"c0420d75-e306-4441-88bb-109851ea2734","success":true,"isManual":true,"workflowId":"XwDfraD2zly07Fv6","workflowName":"My workflow"}}
{"__type":"$$EventMessageConfirm","confirm":"55afdd64-608f-40e9-acc3-f67e614e201e","ts":"2025-09-19T21:57:33.054+00:00","source":{"id":"0","name":"eventBus"}}
{"__type":"$$EventMessageWorkflow","id":"36c658c8-3358-4b36-9b4c-0cd5e646475b","ts":"2025-09-19T21:57:33.727+00:00","eventName":"n8n.workflow.started","message":"n8n.workflow.started","payload":{"executionId":"6","workflowId":"XwDfraD2zly07Fv6","isManual":false,"workflowName":"My workflow"}}
{"__type":"$$EventMessageConfirm","confirm":"36c658c8-3358-4b36-9b4c-0cd5e646475b","ts":"2025-09-19T21:57:33.727+00:00","source":{"id":"0","name":"eventBus"}}
{"__type":"$$EventMessageNode","id":"ee5398c1-533c-49f3-9b7c-65aa60d11a44","ts":"2025-09-19T21:57:33.727+00:00","eventName":"n8n.node.started","message":"n8n.node.started","payload":{"workflowId":"XwDfraD2zly07Fv6","workflowName":"My workflow","executionId":"6","nodeType":"CUSTOM.random","nodeName":"Random"}}
{"__type":"$$EventMessageConfirm","confirm":"ee5398c1-533c-49f3-9b7c-65aa60d11a44","ts":"2025-09-19T21:57:33.727+00:00","source":{"id":"0","name":"eventBus"}}
{"__type":"$$EventMessageNode","id":"e0a1edc0-94de-47ba-86f7-b6a8069cc17e","ts":"2025-09-19T21:57:34.100+00:00","eventName":"n8n.node.finished","message":"n8n.node.finished","payload":{"workflowId":"XwDfraD2zly07Fv6","workflowName":"My workflow","executionId":"6","nodeType":"CUSTOM.random","nodeName":"Random"}}
{"__type":"$$EventMessageConfirm","confirm":"e0a1edc0-94de-47ba-86f7-b6a8069cc17e","ts":"2025-09-19T21:57:34.100+00:00","source":{"id":"0","name":"eventBus"}}
{"__type":"$$EventMessageWorkflow","id":"35d875e4-8c71-4f2e-b687-b17c657e374b","ts":"2025-09-19T21:57:34.101+00:00","eventName":"n8n.workflow.success","message":"n8n.workflow.success","payload":{"executionId":"6","userId":"c0420d75-e306-4441-88bb-109851ea2734","success":true,"isManual":true,"workflowId":"XwDfraD2zly07Fv6","workflowName":"My workflow"}}
{"__type":"$$EventMessageConfirm","confirm":"35d875e4-8c71-4f2e-b687-b17c657e374b","ts":"2025-09-19T21:57:34.101+00:00","source":{"id":"0","name":"eventBus"}}
{"__type":"$$EventMessageWorkflow","id":"2732ec01-b82d-4bca-93bd-2def2363c788","ts":"2025-09-19T21:57:34.903+00:00","eventName":"n8n.workflow.started","message":"n8n.workflow.started","payload":{"executionId":"7","workflowId":"XwDfraD2zly07Fv6","isManual":false,"workflowName":"My workflow"}}
{"__type":"$$EventMessageConfirm","confirm":"2732ec01-b82d-4bca-93bd-2def2363c788","ts":"2025-09-19T21:57:34.903+00:00","source":{"id":"0","name":"eventBus"}}
{"__type":"$$EventMessageNode","id":"fa2a1e37-4664-4e17-bb4d-b12a1680c39f","ts":"2025-09-19T21:57:34.903+00:00","eventName":"n8n.node.started","message":"n8n.node.started","payload":{"workflowId":"XwDfraD2zly07Fv6","workflowName":"My workflow","executionId":"7","nodeType":"CUSTOM.random","nodeName":"Random"}}
{"__type":"$$EventMessageConfirm","confirm":"fa2a1e37-4664-4e17-bb4d-b12a1680c39f","ts":"2025-09-19T21:57:34.903+00:00","source":{"id":"0","name":"eventBus"}}
{"__type":"$$EventMessageNode","id":"f66281d5-d47c-440e-b95f-4bc9ae498ada","ts":"2025-09-19T21:57:35.289+00:00","eventName":"n8n.node.finished","message":"n8n.node.finished","payload":{"workflowId":"XwDfraD2zly07Fv6","workflowName":"My workflow","executionId":"7","nodeType":"CUSTOM.random","nodeName":"Random"}}
{"__type":"$$EventMessageConfirm","confirm":"f66281d5-d47c-440e-b95f-4bc9ae498ada","ts":"2025-09-19T21:57:35.290+00:00","source":{"id":"0","name":"eventBus"}}
{"__type":"$$EventMessageWorkflow","id":"f51dd8dc-edb3-4aae-9783-ec9369d0f0de","ts":"2025-09-19T21:57:35.291+00:00","eventName":"n8n.workflow.success","message":"n8n.workflow.success","payload":{"executionId":"7","userId":"c0420d75-e306-4441-88bb-109851ea2734","success":true,"isManual":true,"workflowId":"XwDfraD2zly07Fv6","workflowName":"My workflow"}}
{"__type":"$$EventMessageConfirm","confirm":"f51dd8dc-edb3-4aae-9783-ec9369d0f0de","ts":"2025-09-19T21:57:35.291+00:00","source":{"id":"0","name":"eventBus"}}
{"__type":"$$EventMessageWorkflow","id":"ba314bb2-1fe9-4633-a385-f473d66d0bf3","ts":"2025-09-19T21:57:36.614+00:00","eventName":"n8n.workflow.started","message":"n8n.workflow.started","payload":{"executionId":"8","workflowId":"XwDfraD2zly07Fv6","isManual":false,"workflowName":"My workflow"}}
{"__type":"$$EventMessageConfirm","confirm":"ba314bb2-1fe9-4633-a385-f473d66d0bf3","ts":"2025-09-19T21:57:36.615+00:00","source":{"id":"0","name":"eventBus"}}
{"__type":"$$EventMessageNode","id":"b541d6cb-4781-4cf8-ac63-8e08d88d1cb6","ts":"2025-09-19T21:57:36.615+00:00","eventName":"n8n.node.started","message":"n8n.node.started","payload":{"workflowId":"XwDfraD2zly07Fv6","workflowName":"My workflow","executionId":"8","nodeType":"CUSTOM.random","nodeName":"Random"}}
{"__type":"$$EventMessageConfirm","confirm":"b541d6cb-4781-4cf8-ac63-8e08d88d1cb6","ts":"2025-09-19T21:57:36.615+00:00","source":{"id":"0","name":"eventBus"}}
{"__type":"$$EventMessageNode","id":"603be672-ccf8-4c2f-a7c4-1cb0b05f9ba7","ts":"2025-09-19T21:57:37.406+00:00","eventName":"n8n.node.finished","message":"n8n.node.finished","payload":{"workflowId":"XwDfraD2zly07Fv6","workflowName":"My workflow","executionId":"8","nodeType":"CUSTOM.random","nodeName":"Random"}}
{"__type":"$$EventMessageConfirm","confirm":"603be672-ccf8-4c2f-a7c4-1cb0b05f9ba7","ts":"2025-09-19T21:57:37.406+00:00","source":{"id":"0","name":"eventBus"}}
{"__type":"$$EventMessageWorkflow","id":"64489c45-f5ba-492f-8589-477b745c53e6","ts":"2025-09-19T21:57:37.407+00:00","eventName":"n8n.workflow.success","message":"n8n.workflow.success","payload":{"executionId":"8","userId":"c0420d75-e306-4441-88bb-109851ea2734","success":true,"isManual":true,"workflowId":"XwDfraD2zly07Fv6","workflowName":"My workflow"}}
{"__type":"$$EventMessageConfirm","confirm":"64489c45-f5ba-492f-8589-477b745c53e6","ts":"2025-09-19T21:57:37.407+00:00","source":{"id":"0","name":"eventBus"}}
{"__type":"$$EventMessageWorkflow","id":"ca7c09cd-4701-4341-8e2b-bd251551f8b2","ts":"2025-09-19T22:11:36.576+00:00","eventName":"n8n.workflow.started","message":"n8n.workflow.started","payload":{"executionId":"9","workflowId":"XwDfraD2zly07Fv6","isManual":false,"workflowName":"My workflow"}}
{"__type":"$$EventMessageConfirm","confirm":"ca7c09cd-4701-4341-8e2b-bd251551f8b2","ts":"2025-09-19T22:11:36.576+00:00","source":{"id":"0","name":"eventBus"}}
{"__type":"$$EventMessageNode","id":"726a0900-5851-4ee9-ba93-e75d565437cb","ts":"2025-09-19T22:11:36.576+00:00","eventName":"n8n.node.started","message":"n8n.node.started","payload":{"workflowId":"XwDfraD2zly07Fv6","workflowName":"My workflow","executionId":"9","nodeType":"CUSTOM.random","nodeName":"Random"}}
{"__type":"$$EventMessageConfirm","confirm":"726a0900-5851-4ee9-ba93-e75d565437cb","ts":"2025-09-19T22:11:36.576+00:00","source":{"id":"0","name":"eventBus"}}
{"__type":"$$EventMessageNode","id":"2ad3ad3b-955b-4288-be4c-7f12e0be60c9","ts":"2025-09-19T22:11:36.995+00:00","eventName":"n8n.node.finished","message":"n8n.node.finished","payload":{"workflowId":"XwDfraD2zly07Fv6","workflowName":"My workflow","executionId":"9","nodeType":"CUSTOM.random","nodeName":"Random"}}
{"__type":"$$EventMessageConfirm","confirm":"2ad3ad3b-955b-4288-be4c-7f12e0be60c9","ts":"2025-09-19T22:11:36.995+00:00","source":{"id":"0","name":"eventBus"}}
{"__type":"$$EventMessageWorkflow","id":"a0258e01-1af9-4cfe-85a2-11a3cd866d98","ts":"2025-09-19T22:11:36.996+00:00","eventName":"n8n.workflow.success","message":"n8n.workflow.success","payload":{"executionId":"9","userId":"c0420d75-e306-4441-88bb-109851ea2734","success":true,"isManual":true,"workflowId":"XwDfraD2zly07Fv6","workflowName":"My workflow"}}
{"__type":"$$EventMessageConfirm","confirm":"a0258e01-1af9-4cfe-85a2-11a3cd866d98","ts":"2025-09-19T22:11:36.996+00:00","source":{"id":"0","name":"eventBus"}}
{"__type":"$$EventMessageWorkflow","id":"ed1f37c7-7165-412e-949b-56a4b0de25c5","ts":"2025-09-19T22:11:37.972+00:00","eventName":"n8n.workflow.started","message":"n8n.workflow.started","payload":{"executionId":"10","workflowId":"XwDfraD2zly07Fv6","isManual":false,"workflowName":"My workflow"}}
{"__type":"$$EventMessageConfirm","confirm":"ed1f37c7-7165-412e-949b-56a4b0de25c5","ts":"2025-09-19T22:11:37.972+00:00","source":{"id":"0","name":"eventBus"}}
{"__type":"$$EventMessageNode","id":"c94210dd-329b-4efb-acac-ce2f3358d40e","ts":"2025-09-19T22:11:37.972+00:00","eventName":"n8n.node.started","message":"n8n.node.started","payload":{"workflowId":"XwDfraD2zly07Fv6","workflowName":"My workflow","executionId":"10","nodeType":"CUSTOM.random","nodeName":"Random"}}
{"__type":"$$EventMessageConfirm","confirm":"c94210dd-329b-4efb-acac-ce2f3358d40e","ts":"2025-09-19T22:11:37.972+00:00","source":{"id":"0","name":"eventBus"}}
{"__type":"$$EventMessageNode","id":"9d6d7f9e-580f-4f9d-a86f-18a0b4d240d3","ts":"2025-09-19T22:11:38.334+00:00","eventName":"n8n.node.finished","message":"n8n.node.finished","payload":{"workflowId":"XwDfraD2zly07Fv6","workflowName":"My workflow","executionId":"10","nodeType":"CUSTOM.random","nodeName":"Random"}}
{"__type":"$$EventMessageConfirm","confirm":"9d6d7f9e-580f-4f9d-a86f-18a0b4d240d3","ts":"2025-09-19T22:11:38.334+00:00","source":{"id":"0","name":"eventBus"}}
{"__type":"$$EventMessageWorkflow","id":"3ee20db3-5b69-44fc-bba2-fe400223cbd0","ts":"2025-09-19T22:11:38.335+00:00","eventName":"n8n.workflow.success","message":"n8n.workflow.success","payload":{"executionId":"10","userId":"c0420d75-e306-4441-88bb-109851ea2734","success":true,"isManual":true,"workflowId":"XwDfraD2zly07Fv6","workflowName":"My workflow"}}
{"__type":"$$EventMessageConfirm","confirm":"3ee20db3-5b69-44fc-bba2-fe400223cbd0","ts":"2025-09-19T22:11:38.335+00:00","source":{"id":"0","name":"eventBus"}}
{"__type":"$$EventMessageWorkflow","id":"88508f65-a011-46a8-8899-d7d91df60b37","ts":"2025-09-19T22:11:38.967+00:00","eventName":"n8n.workflow.started","message":"n8n.workflow.started","payload":{"executionId":"11","workflowId":"XwDfraD2zly07Fv6","isManual":false,"workflowName":"My workflow"}}
{"__type":"$$EventMessageConfirm","confirm":"88508f65-a011-46a8-8899-d7d91df60b37","ts":"2025-09-19T22:11:38.967+00:00","source":{"id":"0","name":"eventBus"}}
{"__type":"$$EventMessageNode","id":"10ea61f3-1da4-4fdf-bbbf-4e1c5ef51d1c","ts":"2025-09-19T22:11:38.967+00:00","eventName":"n8n.node.started","message":"n8n.node.started","payload":{"workflowId":"XwDfraD2zly07Fv6","workflowName":"My workflow","executionId":"11","nodeType":"CUSTOM.random","nodeName":"Random"}}
{"__type":"$$EventMessageConfirm","confirm":"10ea61f3-1da4-4fdf-bbbf-4e1c5ef51d1c","ts":"2025-09-19T22:11:38.967+00:00","source":{"id":"0","name":"eventBus"}}
{"__type":"$$EventMessageNode","id":"bc5a98fb-814a-48cb-a0dc-b3eba14e8110","ts":"2025-09-19T22:11:39.787+00:00","eventName":"n8n.node.finished","message":"n8n.node.finished","payload":{"workflowId":"XwDfraD2zly07Fv6","workflowName":"My workflow","executionId":"11","nodeType":"CUSTOM.random","nodeName":"Random"}}
{"__type":"$$EventMessageConfirm","confirm":"bc5a98fb-814a-48cb-a0dc-b3eba14e8110","ts":"2025-09-19T22:11:39.787+00:00","source":{"id":"0","name":"eventBus"}}
{"__type":"$$EventMessageWorkflow","id":"4a0e126e-96f3-4206-9330-847544945c86","ts":"2025-09-19T22:11:39.788+00:00","eventName":"n8n.workflow.success","message":"n8n.workflow.success","payload":{"executionId":"11","userId":"c0420d75-e306-4441-88bb-109851ea2734","success":true,"isManual":true,"workflowId":"XwDfraD2zly07Fv6","workflowName":"My workflow"}}
{"__type":"$$EventMessageConfirm","confirm":"4a0e126e-96f3-4206-9330-847544945c86","ts":"2025-09-19T22:11:39.788+00:00","source":{"id":"0","name":"eventBus"}}
{"__type":"$$EventMessageWorkflow","id":"2c09271c-f3ec-4ddf-9a4f-0cb51b462a3d","ts":"2025-09-19T22:12:12.423+00:00","eventName":"n8n.workflow.started","message":"n8n.workflow.started","payload":{"executionId":"12","workflowId":"XwDfraD2zly07Fv6","isManual":false,"workflowName":"My workflow"}}
{"__type":"$$EventMessageConfirm","confirm":"2c09271c-f3ec-4ddf-9a4f-0cb51b462a3d","ts":"2025-09-19T22:12:12.423+00:00","source":{"id":"0","name":"eventBus"}}
{"__type":"$$EventMessageNode","id":"914bf333-5972-4fbb-8cbd-f39cc2f73517","ts":"2025-09-19T22:12:12.423+00:00","eventName":"n8n.node.started","message":"n8n.node.started","payload":{"workflowId":"XwDfraD2zly07Fv6","workflowName":"My workflow","executionId":"12","nodeType":"n8n-nodes-base.manualTrigger","nodeName":"When clicking ‘Test workflow’"}}
{"__type":"$$EventMessageConfirm","confirm":"914bf333-5972-4fbb-8cbd-f39cc2f73517","ts":"2025-09-19T22:12:12.423+00:00","source":{"id":"0","name":"eventBus"}}
{"__type":"$$EventMessageNode","id":"61f7cc0c-ecd5-49d0-8d8d-d14de8102f0e","ts":"2025-09-19T22:12:12.424+00:00","eventName":"n8n.node.finished","message":"n8n.node.finished","payload":{"workflowId":"XwDfraD2zly07Fv6","workflowName":"My workflow","executionId":"12","nodeType":"n8n-nodes-base.manualTrigger","nodeName":"When clicking ‘Test workflow’"}}
{"__type":"$$EventMessageConfirm","confirm":"61f7cc0c-ecd5-49d0-8d8d-d14de8102f0e","ts":"2025-09-19T22:12:12.424+00:00","source":{"id":"0","name":"eventBus"}}
{"__type":"$$EventMessageNode","id":"3cd2a9e8-8112-4438-9c67-7a59aa1e5800","ts":"2025-09-19T22:12:12.424+00:00","eventName":"n8n.node.started","message":"n8n.node.started","payload":{"workflowId":"XwDfraD2zly07Fv6","workflowName":"My workflow","executionId":"12","nodeType":"CUSTOM.random","nodeName":"Random"}}
{"__type":"$$EventMessageConfirm","confirm":"3cd2a9e8-8112-4438-9c67-7a59aa1e5800","ts":"2025-09-19T22:12:12.424+00:00","source":{"id":"0","name":"eventBus"}}
{"__type":"$$EventMessageNode","id":"5bdcd37c-b750-4039-8ff7-56264f228737","ts":"2025-09-19T22:12:12.901+00:00","eventName":"n8n.node.finished","message":"n8n.node.finished","payload":{"workflowId":"XwDfraD2zly07Fv6","workflowName":"My workflow","executionId":"12","nodeType":"CUSTOM.random","nodeName":"Random"}}
{"__type":"$$EventMessageConfirm","confirm":"5bdcd37c-b750-4039-8ff7-56264f228737","ts":"2025-09-19T22:12:12.901+00:00","source":{"id":"0","name":"eventBus"}}
{"__type":"$$EventMessageWorkflow","id":"e80b2dc5-c7bd-4422-aaa6-f90bcb45a4aa","ts":"2025-09-19T22:12:12.902+00:00","eventName":"n8n.workflow.success","message":"n8n.workflow.success","payload":{"executionId":"12","userId":"c0420d75-e306-4441-88bb-109851ea2734","success":true,"isManual":true,"workflowId":"XwDfraD2zly07Fv6","workflowName":"My workflow"}}
{"__type":"$$EventMessageConfirm","confirm":"e80b2dc5-c7bd-4422-aaa6-f90bcb45a4aa","ts":"2025-09-19T22:12:12.902+00:00","source":{"id":"0","name":"eventBus"}}
{"__type":"$$EventMessageWorkflow","id":"58ba97d3-da2f-4ea5-a8dd-046aa9565864","ts":"2025-09-19T22:12:16.276+00:00","eventName":"n8n.workflow.started","message":"n8n.workflow.started","payload":{"executionId":"13","workflowId":"XwDfraD2zly07Fv6","isManual":false,"workflowName":"My workflow"}}
{"__type":"$$EventMessageConfirm","confirm":"58ba97d3-da2f-4ea5-a8dd-046aa9565864","ts":"2025-09-19T22:12:16.276+00:00","source":{"id":"0","name":"eventBus"}}
{"__type":"$$EventMessageNode","id":"92ba429d-d1ed-41bb-add6-5958fc35df8d","ts":"2025-09-19T22:12:16.276+00:00","eventName":"n8n.node.started","message":"n8n.node.started","payload":{"workflowId":"XwDfraD2zly07Fv6","workflowName":"My workflow","executionId":"13","nodeType":"CUSTOM.random","nodeName":"Random"}}
{"__type":"$$EventMessageConfirm","confirm":"92ba429d-d1ed-41bb-add6-5958fc35df8d","ts":"2025-09-19T22:12:16.276+00:00","source":{"id":"0","name":"eventBus"}}
{"__type":"$$EventMessageNode","id":"848f4dc5-4a68-4cea-b3f9-26b874558267","ts":"2025-09-19T22:12:17.100+00:00","eventName":"n8n.node.finished","message":"n8n.node.finished","payload":{"workflowId":"XwDfraD2zly07Fv6","workflowName":"My workflow","executionId":"13","nodeType":"CUSTOM.random","nodeName":"Random"}}
{"__type":"$$EventMessageConfirm","confirm":"848f4dc5-4a68-4cea-b3f9-26b874558267","ts":"2025-09-19T22:12:17.100+00:00","source":{"id":"0","name":"eventBus"}}
{"__type":"$$EventMessageWorkflow","id":"5dcce820-edd7-4e6b-b107-11f1c412b1c4","ts":"2025-09-19T22:12:17.101+00:00","eventName":"n8n.workflow.success","message":"n8n.workflow.success","payload":{"executionId":"13","userId":"c0420d75-e306-4441-88bb-109851ea2734","success":true,"isManual":true,"workflowId":"XwDfraD2zly07Fv6","workflowName":"My workflow"}}
{"__type":"$$EventMessageConfirm","confirm":"5dcce820-edd7-4e6b-b107-11f1c412b1c4","ts":"2025-09-19T22:12:17.101+00:00","source":{"id":"0","name":"eventBus"}}
{"__type":"$$EventMessageWorkflow","id":"3661f229-9f27-4b15-b9f4-73f827509ad5","ts":"2025-09-19T22:12:19.106+00:00","eventName":"n8n.workflow.started","message":"n8n.workflow.started","payload":{"executionId":"14","workflowId":"XwDfraD2zly07Fv6","isManual":false,"workflowName":"My workflow"}}
{"__type":"$$EventMessageConfirm","confirm":"3661f229-9f27-4b15-b9f4-73f827509ad5","ts":"2025-09-19T22:12:19.106+00:00","source":{"id":"0","name":"eventBus"}}
{"__type":"$$EventMessageNode","id":"69a4cfbb-28e4-4667-8253-526b1e9930d0","ts":"2025-09-19T22:12:19.107+00:00","eventName":"n8n.node.started","message":"n8n.node.started","payload":{"workflowId":"XwDfraD2zly07Fv6","workflowName":"My workflow","executionId":"14","nodeType":"CUSTOM.random","nodeName":"Random"}}
{"__type":"$$EventMessageConfirm","confirm":"69a4cfbb-28e4-4667-8253-526b1e9930d0","ts":"2025-09-19T22:12:19.107+00:00","source":{"id":"0","name":"eventBus"}}
{"__type":"$$EventMessageNode","id":"a30a6383-1f3a-46e0-9bc3-5af5adff63c7","ts":"2025-09-19T22:12:19.480+00:00","eventName":"n8n.node.finished","message":"n8n.node.finished","payload":{"workflowId":"XwDfraD2zly07Fv6","workflowName":"My workflow","executionId":"14","nodeType":"CUSTOM.random","nodeName":"Random"}}
{"__type":"$$EventMessageConfirm","confirm":"a30a6383-1f3a-46e0-9bc3-5af5adff63c7","ts":"2025-09-19T22:12:19.480+00:00","source":{"id":"0","name":"eventBus"}}
{"__type":"$$EventMessageWorkflow","id":"ab24cc42-c503-4443-ac04-0b716d64b0df","ts":"2025-09-19T22:12:19.481+00:00","eventName":"n8n.workflow.success","message":"n8n.workflow.success","payload":{"executionId":"14","userId":"c0420d75-e306-4441-88bb-109851ea2734","success":true,"isManual":true,"workflowId":"XwDfraD2zly07Fv6","workflowName":"My workflow"}}
{"__type":"$$EventMessageConfirm","confirm":"ab24cc42-c503-4443-ac04-0b716d64b0df","ts":"2025-09-19T22:12:19.481+00:00","source":{"id":"0","name":"eventBus"}}
{"__type":"$$EventMessageWorkflow","id":"544f66a2-1ca6-40bb-a082-0a11dffa115a","ts":"2025-09-19T22:12:21.631+00:00","eventName":"n8n.workflow.started","message":"n8n.workflow.started","payload":{"executionId":"15","workflowId":"XwDfraD2zly07Fv6","isManual":false,"workflowName":"My workflow"}}
{"__type":"$$EventMessageConfirm","confirm":"544f66a2-1ca6-40bb-a082-0a11dffa115a","ts":"2025-09-19T22:12:21.631+00:00","source":{"id":"0","name":"eventBus"}}
{"__type":"$$EventMessageNode","id":"aab71f23-04e6-4ce0-be20-012bebeeedec","ts":"2025-09-19T22:12:21.631+00:00","eventName":"n8n.node.started","message":"n8n.node.started","payload":{"workflowId":"XwDfraD2zly07Fv6","workflowName":"My workflow","executionId":"15","nodeType":"CUSTOM.random","nodeName":"Random"}}
{"__type":"$$EventMessageConfirm","confirm":"aab71f23-04e6-4ce0-be20-012bebeeedec","ts":"2025-09-19T22:12:21.631+00:00","source":{"id":"0","name":"eventBus"}}
{"__type":"$$EventMessageNode","id":"a9ca8fe2-8639-4fd1-b7bb-093d230e177d","ts":"2025-09-19T22:12:21.980+00:00","eventName":"n8n.node.finished","message":"n8n.node.finished","payload":{"workflowId":"XwDfraD2zly07Fv6","workflowName":"My workflow","executionId":"15","nodeType":"CUSTOM.random","nodeName":"Random"}}
{"__type":"$$EventMessageConfirm","confirm":"a9ca8fe2-8639-4fd1-b7bb-093d230e177d","ts":"2025-09-19T22:12:21.980+00:00","source":{"id":"0","name":"eventBus"}}
{"__type":"$$EventMessageWorkflow","id":"f910c2e1-d57a-4501-94b4-85de4638f4b9","ts":"2025-09-19T22:12:21.981+00:00","eventName":"n8n.workflow.success","message":"n8n.workflow.success","payload":{"executionId":"15","userId":"c0420d75-e306-4441-88bb-109851ea2734","success":true,"isManual":true,"workflowId":"XwDfraD2zly07Fv6","workflowName":"My workflow"}}
{"__type":"$$EventMessageConfirm","confirm":"f910c2e1-d57a-4501-94b4-85de4638f4b9","ts":"2025-09-19T22:12:21.981+00:00","source":{"id":"0","name":"eventBus"}}
{"__type":"$$EventMessageAudit","id":"2f07728b-97a0-4726-b820-0bd61805c6be","ts":"2025-09-19T22:15:02.425+00:00","eventName":"n8n.audit.workflow.deleted","message":"n8n.audit.workflow.deleted","payload":{"userId":"c0420d75-e306-4441-88bb-109851ea2734","_email":"vaasmello@gmail.com","_firstName":"Vinicius","_lastName":"Mello","globalRole":"global:owner","workflowId":"XwDfraD2zly07Fv6"}}
{"__type":"$$EventMessageConfirm","confirm":"2f07728b-97a0-4726-b820-0bd61805c6be","ts":"2025-09-19T22:15:02.425+00:00","source":{"id":"0","name":"eventBus"}}
{"__type":"$$EventMessageAudit","id":"553c18da-73d4-496b-a3f7-22250edb885d","ts":"2025-09-19T22:15:33.078+00:00","eventName":"n8n.audit.workflow.created","message":"n8n.audit.workflow.created","payload":{"userId":"c0420d75-e306-4441-88bb-109851ea2734","_email":"vaasmello@gmail.com","_firstName":"Vinicius","_lastName":"Mello","globalRole":"global:owner","workflowId":"yuokUpuIahdzYteX","workflowName":"My workflow"}}
{"__type":"$$EventMessageConfirm","confirm":"553c18da-73d4-496b-a3f7-22250edb885d","ts":"2025-09-19T22:15:33.078+00:00","source":{"id":"0","name":"eventBus"}}
{"__type":"$$EventMessageWorkflow","id":"7dd5755e-4215-4ad4-bacf-26d9483ae07f","ts":"2025-09-19T22:15:33.133+00:00","eventName":"n8n.workflow.started","message":"n8n.workflow.started","payload":{"executionId":"16","workflowId":"yuokUpuIahdzYteX","isManual":false,"workflowName":"My workflow"}}
{"__type":"$$EventMessageConfirm","confirm":"7dd5755e-4215-4ad4-bacf-26d9483ae07f","ts":"2025-09-19T22:15:33.133+00:00","source":{"id":"0","name":"eventBus"}}
{"__type":"$$EventMessageNode","id":"ac231565-499d-4832-8fe3-ae3f5b8e98b9","ts":"2025-09-19T22:15:33.133+00:00","eventName":"n8n.node.started","message":"n8n.node.started","payload":{"workflowId":"yuokUpuIahdzYteX","workflowName":"My workflow","executionId":"16","nodeType":"n8n-nodes-base.manualTrigger","nodeName":"When clicking ‘Test workflow’"}}
{"__type":"$$EventMessageConfirm","confirm":"ac231565-499d-4832-8fe3-ae3f5b8e98b9","ts":"2025-09-19T22:15:33.133+00:00","source":{"id":"0","name":"eventBus"}}
{"__type":"$$EventMessageNode","id":"044a521d-5bd8-4b11-a22c-009e52bb040b","ts":"2025-09-19T22:15:33.134+00:00","eventName":"n8n.node.finished","message":"n8n.node.finished","payload":{"workflowId":"yuokUpuIahdzYteX","workflowName":"My workflow","executionId":"16","nodeType":"n8n-nodes-base.manualTrigger","nodeName":"When clicking ‘Test workflow’"}}
{"__type":"$$EventMessageConfirm","confirm":"044a521d-5bd8-4b11-a22c-009e52bb040b","ts":"2025-09-19T22:15:33.134+00:00","source":{"id":"0","name":"eventBus"}}
{"__type":"$$EventMessageNode","id":"713ceb55-9fd4-48c3-a38c-ba6f603333eb","ts":"2025-09-19T22:15:33.134+00:00","eventName":"n8n.node.started","message":"n8n.node.started","payload":{"workflowId":"yuokUpuIahdzYteX","workflowName":"My workflow","executionId":"16","nodeType":"CUSTOM.random","nodeName":"Random"}}
{"__type":"$$EventMessageConfirm","confirm":"713ceb55-9fd4-48c3-a38c-ba6f603333eb","ts":"2025-09-19T22:15:33.134+00:00","source":{"id":"0","name":"eventBus"}}
{"__type":"$$EventMessageNode","id":"f5a88dcd-0ef7-4ed9-b16f-770c73ede1b7","ts":"2025-09-19T22:15:33.550+00:00","eventName":"n8n.node.finished","message":"n8n.node.finished","payload":{"workflowId":"yuokUpuIahdzYteX","workflowName":"My workflow","executionId":"16","nodeType":"CUSTOM.random","nodeName":"Random"}}
{"__type":"$$EventMessageConfirm","confirm":"f5a88dcd-0ef7-4ed9-b16f-770c73ede1b7","ts":"2025-09-19T22:15:33.550+00:00","source":{"id":"0","name":"eventBus"}}
{"__type":"$$EventMessageWorkflow","id":"61ea08e0-2d76-49b6-8059-45c368bcb780","ts":"2025-09-19T22:15:33.551+00:00","eventName":"n8n.workflow.success","message":"n8n.workflow.success","payload":{"executionId":"16","userId":"c0420d75-e306-4441-88bb-109851ea2734","success":true,"isManual":true,"workflowId":"yuokUpuIahdzYteX","workflowName":"My workflow"}}
{"__type":"$$EventMessageConfirm","confirm":"61ea08e0-2d76-49b6-8059-45c368bcb780","ts":"2025-09-19T22:15:33.551+00:00","source":{"id":"0","name":"eventBus"}}
{"__type":"$$EventMessageWorkflow","id":"52def8f3-09a9-4623-8416-66940817e31a","ts":"2025-09-19T22:15:34.898+00:00","eventName":"n8n.workflow.started","message":"n8n.workflow.started","payload":{"executionId":"17","workflowId":"yuokUpuIahdzYteX","isManual":false,"workflowName":"My workflow"}}
{"__type":"$$EventMessageConfirm","confirm":"52def8f3-09a9-4623-8416-66940817e31a","ts":"2025-09-19T22:15:34.898+00:00","source":{"id":"0","name":"eventBus"}}
{"__type":"$$EventMessageNode","id":"fbd1fc79-8a04-4978-a063-16a83455c555","ts":"2025-09-19T22:15:34.898+00:00","eventName":"n8n.node.started","message":"n8n.node.started","payload":{"workflowId":"yuokUpuIahdzYteX","workflowName":"My workflow","executionId":"17","nodeType":"CUSTOM.random","nodeName":"Random"}}
{"__type":"$$EventMessageConfirm","confirm":"fbd1fc79-8a04-4978-a063-16a83455c555","ts":"2025-09-19T22:15:34.898+00:00","source":{"id":"0","name":"eventBus"}}
{"__type":"$$EventMessageNode","id":"f625222b-dd5b-4c52-9f9c-c7c7fdab6508","ts":"2025-09-19T22:15:35.355+00:00","eventName":"n8n.node.finished","message":"n8n.node.finished","payload":{"workflowId":"yuokUpuIahdzYteX","workflowName":"My workflow","executionId":"17","nodeType":"CUSTOM.random","nodeName":"Random"}}
{"__type":"$$EventMessageConfirm","confirm":"f625222b-dd5b-4c52-9f9c-c7c7fdab6508","ts":"2025-09-19T22:15:35.355+00:00","source":{"id":"0","name":"eventBus"}}
{"__type":"$$EventMessageWorkflow","id":"10172a28-08c0-4d5b-b69e-6e389afd476f","ts":"2025-09-19T22:15:35.356+00:00","eventName":"n8n.workflow.success","message":"n8n.workflow.success","payload":{"executionId":"17","userId":"c0420d75-e306-4441-88bb-109851ea2734","success":true,"isManual":true,"workflowId":"yuokUpuIahdzYteX","workflowName":"My workflow"}}
{"__type":"$$EventMessageConfirm","confirm":"10172a28-08c0-4d5b-b69e-6e389afd476f","ts":"2025-09-19T22:15:35.356+00:00","source":{"id":"0","name":"eventBus"}}
{"__type":"$$EventMessageWorkflow","id":"5b53aa3c-e428-48ca-893d-8d9cebc7c126","ts":"2025-09-19T22:15:36.345+00:00","eventName":"n8n.workflow.started","message":"n8n.workflow.started","payload":{"executionId":"18","workflowId":"yuokUpuIahdzYteX","isManual":false,"workflowName":"My workflow"}}
{"__type":"$$EventMessageConfirm","confirm":"5b53aa3c-e428-48ca-893d-8d9cebc7c126","ts":"2025-09-19T22:15:36.345+00:00","source":{"id":"0","name":"eventBus"}}
{"__type":"$$EventMessageNode","id":"7546973a-6e2e-4ec2-9125-1acdf95fc017","ts":"2025-09-19T22:15:36.345+00:00","eventName":"n8n.node.started","message":"n8n.node.started","payload":{"workflowId":"yuokUpuIahdzYteX","workflowName":"My workflow","executionId":"18","nodeType":"CUSTOM.random","nodeName":"Random"}}
{"__type":"$$EventMessageConfirm","confirm":"7546973a-6e2e-4ec2-9125-1acdf95fc017","ts":"2025-09-19T22:15:36.345+00:00","source":{"id":"0","name":"eventBus"}}
{"__type":"$$EventMessageNode","id":"0fea96e3-ac9f-43a5-8eec-878e34f6cd2b","ts":"2025-09-19T22:15:37.167+00:00","eventName":"n8n.node.finished","message":"n8n.node.finished","payload":{"workflowId":"yuokUpuIahdzYteX","workflowName":"My workflow","executionId":"18","nodeType":"CUSTOM.random","nodeName":"Random"}}
{"__type":"$$EventMessageConfirm","confirm":"0fea96e3-ac9f-43a5-8eec-878e34f6cd2b","ts":"2025-09-19T22:15:37.167+00:00","source":{"id":"0","name":"eventBus"}}
{"__type":"$$EventMessageWorkflow","id":"99aedb27-c55d-4221-a8a4-7304a780b0bc","ts":"2025-09-19T22:15:37.168+00:00","eventName":"n8n.workflow.success","message":"n8n.workflow.success","payload":{"executionId":"18","userId":"c0420d75-e306-4441-88bb-109851ea2734","success":true,"isManual":true,"workflowId":"yuokUpuIahdzYteX","workflowName":"My workflow"}}
{"__type":"$$EventMessageConfirm","confirm":"99aedb27-c55d-4221-a8a4-7304a780b0bc","ts":"2025-09-19T22:15:37.168+00:00","source":{"id":"0","name":"eventBus"}}
{"__type":"$$EventMessageWorkflow","id":"8aee288a-242a-4081-b073-a8ff33f7e972","ts":"2025-09-19T22:15:37.956+00:00","eventName":"n8n.workflow.started","message":"n8n.workflow.started","payload":{"executionId":"19","workflowId":"yuokUpuIahdzYteX","isManual":false,"workflowName":"My workflow"}}
{"__type":"$$EventMessageConfirm","confirm":"8aee288a-242a-4081-b073-a8ff33f7e972","ts":"2025-09-19T22:15:37.956+00:00","source":{"id":"0","name":"eventBus"}}
{"__type":"$$EventMessageNode","id":"11b7d2e8-8569-4538-af95-9c30e79e6cf5","ts":"2025-09-19T22:15:37.956+00:00","eventName":"n8n.node.started","message":"n8n.node.started","payload":{"workflowId":"yuokUpuIahdzYteX","workflowName":"My workflow","executionId":"19","nodeType":"CUSTOM.random","nodeName":"Random"}}
{"__type":"$$EventMessageConfirm","confirm":"11b7d2e8-8569-4538-af95-9c30e79e6cf5","ts":"2025-09-19T22:15:37.956+00:00","source":{"id":"0","name":"eventBus"}}
{"__type":"$$EventMessageNode","id":"4851e237-edfe-4abd-8ff5-8ac7613c9e4a","ts":"2025-09-19T22:15:38.397+00:00","eventName":"n8n.node.finished","message":"n8n.node.finished","payload":{"workflowId":"yuokUpuIahdzYteX","workflowName":"My workflow","executionId":"19","nodeType":"CUSTOM.random","nodeName":"Random"}}
{"__type":"$$EventMessageConfirm","confirm":"4851e237-edfe-4abd-8ff5-8ac7613c9e4a","ts":"2025-09-19T22:15:38.397+00:00","source":{"id":"0","name":"eventBus"}}
{"__type":"$$EventMessageWorkflow","id":"d3e36f91-94e4-4294-af90-a920ad5eeb6b","ts":"2025-09-19T22:15:38.398+00:00","eventName":"n8n.workflow.success","message":"n8n.workflow.success","payload":{"executionId":"19","userId":"c0420d75-e306-4441-88bb-109851ea2734","success":true,"isManual":true,"workflowId":"yuokUpuIahdzYteX","workflowName":"My workflow"}}
{"__type":"$$EventMessageConfirm","confirm":"d3e36f91-94e4-4294-af90-a920ad5eeb6b","ts":"2025-09-19T22:15:38.398+00:00","source":{"id":"0","name":"eventBus"}}
{"__type":"$$EventMessageWorkflow","id":"0f416846-72ca-4e58-b25a-1d49d6a1a013","ts":"2025-09-19T22:15:39.168+00:00","eventName":"n8n.workflow.started","message":"n8n.workflow.started","payload":{"executionId":"20","workflowId":"yuokUpuIahdzYteX","isManual":false,"workflowName":"My workflow"}}
{"__type":"$$EventMessageConfirm","confirm":"0f416846-72ca-4e58-b25a-1d49d6a1a013","ts":"2025-09-19T22:15:39.168+00:00","source":{"id":"0","name":"eventBus"}}
{"__type":"$$EventMessageNode","id":"9ae6c852-4ff6-4a1a-9678-c99ba6836870","ts":"2025-09-19T22:15:39.169+00:00","eventName":"n8n.node.started","message":"n8n.node.started","payload":{"workflowId":"yuokUpuIahdzYteX","workflowName":"My workflow","executionId":"20","nodeType":"CUSTOM.random","nodeName":"Random"}}
{"__type":"$$EventMessageConfirm","confirm":"9ae6c852-4ff6-4a1a-9678-c99ba6836870","ts":"2025-09-19T22:15:39.169+00:00","source":{"id":"0","name":"eventBus"}}
{"__type":"$$EventMessageNode","id":"fcc609d9-e40f-4715-bd26-da4fc0e45d9f","ts":"2025-09-19T22:15:39.540+00:00","eventName":"n8n.node.finished","message":"n8n.node.finished","payload":{"workflowId":"yuokUpuIahdzYteX","workflowName":"My workflow","executionId":"20","nodeType":"CUSTOM.random","nodeName":"Random"}}
{"__type":"$$EventMessageConfirm","confirm":"fcc609d9-e40f-4715-bd26-da4fc0e45d9f","ts":"2025-09-19T22:15:39.540+00:00","source":{"id":"0","name":"eventBus"}}
{"__type":"$$EventMessageWorkflow","id":"26b04dc8-06b2-4ebe-8f0b-85875bb49a0d","ts":"2025-09-19T22:15:39.541+00:00","eventName":"n8n.workflow.success","message":"n8n.workflow.success","payload":{"executionId":"20","userId":"c0420d75-e306-4441-88bb-109851ea2734","success":true,"isManual":true,"workflowId":"yuokUpuIahdzYteX","workflowName":"My workflow"}}
{"__type":"$$EventMessageConfirm","confirm":"26b04dc8-06b2-4ebe-8f0b-85875bb49a0d","ts":"2025-09-19T22:15:39.541+00:00","source":{"id":"0","name":"eventBus"}}
{"__type":"$$EventMessageWorkflow","id":"8d595614-c27c-4261-afec-113bea15eea1","ts":"2025-09-19T22:15:40.142+00:00","eventName":"n8n.workflow.started","message":"n8n.workflow.started","payload":{"executionId":"21","workflowId":"yuokUpuIahdzYteX","isManual":false,"workflowName":"My workflow"}}
{"__type":"$$EventMessageConfirm","confirm":"8d595614-c27c-4261-afec-113bea15eea1","ts":"2025-09-19T22:15:40.142+00:00","source":{"id":"0","name":"eventBus"}}
{"__type":"$$EventMessageNode","id":"be05879a-bd8a-4d18-b025-405f57ddefa6","ts":"2025-09-19T22:15:40.143+00:00","eventName":"n8n.node.started","message":"n8n.node.started","payload":{"workflowId":"yuokUpuIahdzYteX","workflowName":"My workflow","executionId":"21","nodeType":"CUSTOM.random","nodeName":"Random"}}
{"__type":"$$EventMessageConfirm","confirm":"be05879a-bd8a-4d18-b025-405f57ddefa6","ts":"2025-09-19T22:15:40.143+00:00","source":{"id":"0","name":"eventBus"}}
{"__type":"$$EventMessageNode","id":"32b71bcc-4cda-4dd1-85c6-ec00513fa163","ts":"2025-09-19T22:15:40.755+00:00","eventName":"n8n.node.finished","message":"n8n.node.finished","payload":{"workflowId":"yuokUpuIahdzYteX","workflowName":"My workflow","executionId":"21","nodeType":"CUSTOM.random","nodeName":"Random"}}
{"__type":"$$EventMessageConfirm","confirm":"32b71bcc-4cda-4dd1-85c6-ec00513fa163","ts":"2025-09-19T22:15:40.755+00:00","source":{"id":"0","name":"eventBus"}}
{"__type":"$$EventMessageWorkflow","id":"abe3bde5-d7dc-47d7-8378-3c3bdc8db43d","ts":"2025-09-19T22:15:40.756+00:00","eventName":"n8n.workflow.success","message":"n8n.workflow.success","payload":{"executionId":"21","userId":"c0420d75-e306-4441-88bb-109851ea2734","success":true,"isManual":true,"workflowId":"yuokUpuIahdzYteX","workflowName":"My workflow"}}
{"__type":"$$EventMessageConfirm","confirm":"abe3bde5-d7dc-47d7-8378-3c3bdc8db43d","ts":"2025-09-19T22:15:40.756+00:00","source":{"id":"0","name":"eventBus"}}
{"__type":"$$EventMessageWorkflow","id":"6660205e-4aba-4c95-a728-6ebbe4f0e73b","ts":"2025-09-19T22:17:22.830+00:00","eventName":"n8n.workflow.started","message":"n8n.workflow.started","payload":{"executionId":"22","workflowId":"yuokUpuIahdzYteX","isManual":false,"workflowName":"My workflow"}}
{"__type":"$$EventMessageConfirm","confirm":"6660205e-4aba-4c95-a728-6ebbe4f0e73b","ts":"2025-09-19T22:17:22.830+00:00","source":{"id":"0","name":"eventBus"}}
{"__type":"$$EventMessageNode","id":"f6fc62a8-1032-4bdd-b41a-ce9ff5939642","ts":"2025-09-19T22:17:22.830+00:00","eventName":"n8n.node.started","message":"n8n.node.started","payload":{"workflowId":"yuokUpuIahdzYteX","workflowName":"My workflow","executionId":"22","nodeType":"CUSTOM.random","nodeName":"Random"}}
{"__type":"$$EventMessageConfirm","confirm":"f6fc62a8-1032-4bdd-b41a-ce9ff5939642","ts":"2025-09-19T22:17:22.830+00:00","source":{"id":"0","name":"eventBus"}}
{"__type":"$$EventMessageNode","id":"0c66343d-60f7-461b-97f4-b83ea74b5f94","ts":"2025-09-19T22:17:23.243+00:00","eventName":"n8n.node.finished","message":"n8n.node.finished","payload":{"workflowId":"yuokUpuIahdzYteX","workflowName":"My workflow","executionId":"22","nodeType":"CUSTOM.random","nodeName":"Random"}}
{"__type":"$$EventMessageConfirm","confirm":"0c66343d-60f7-461b-97f4-b83ea74b5f94","ts":"2025-09-19T22:17:23.243+00:00","source":{"id":"0","name":"eventBus"}}
{"__type":"$$EventMessageWorkflow","id":"890c5c30-b51a-49c1-bbf7-c5e3fea03c95","ts":"2025-09-19T22:17:23.244+00:00","eventName":"n8n.workflow.success","message":"n8n.workflow.success","payload":{"executionId":"22","userId":"c0420d75-e306-4441-88bb-109851ea2734","success":true,"isManual":true,"workflowId":"yuokUpuIahdzYteX","workflowName":"My workflow"}}
{"__type":"$$EventMessageConfirm","confirm":"890c5c30-b51a-49c1-bbf7-c5e3fea03c95","ts":"2025-09-19T22:17:23.244+00:00","source":{"id":"0","name":"eventBus"}}
{"__type":"$$EventMessageWorkflow","id":"c7f834f0-5af1-4991-b9fa-fe106d7c6628","ts":"2025-09-19T22:17:26.154+00:00","eventName":"n8n.workflow.started","message":"n8n.workflow.started","payload":{"executionId":"23","workflowId":"yuokUpuIahdzYteX","isManual":false,"workflowName":"My workflow"}}
{"__type":"$$EventMessageConfirm","confirm":"c7f834f0-5af1-4991-b9fa-fe106d7c6628","ts":"2025-09-19T22:17:26.154+00:00","source":{"id":"0","name":"eventBus"}}
{"__type":"$$EventMessageNode","id":"bf5b0130-c2fc-40d1-ac58-271260889809","ts":"2025-09-19T22:17:26.155+00:00","eventName":"n8n.node.started","message":"n8n.node.started","payload":{"workflowId":"yuokUpuIahdzYteX","workflowName":"My workflow","executionId":"23","nodeType":"CUSTOM.random","nodeName":"Random"}}
{"__type":"$$EventMessageConfirm","confirm":"bf5b0130-c2fc-40d1-ac58-271260889809","ts":"2025-09-19T22:17:26.155+00:00","source":{"id":"0","name":"eventBus"}}
{"__type":"$$EventMessageNode","id":"029eb0c8-036b-433c-890f-606ab2cce15b","ts":"2025-09-19T22:17:27.239+00:00","eventName":"n8n.node.finished","message":"n8n.node.finished","payload":{"workflowId":"yuokUpuIahdzYteX","workflowName":"My workflow","executionId":"23","nodeType":"CUSTOM.random","nodeName":"Random"}}
{"__type":"$$EventMessageConfirm","confirm":"029eb0c8-036b-433c-890f-606ab2cce15b","ts":"2025-09-19T22:17:27.239+00:00","source":{"id":"0","name":"eventBus"}}
{"__type":"$$EventMessageWorkflow","id":"29744b74-29fd-4a00-a2b2-774054d1c79c","ts":"2025-09-19T22:17:27.240+00:00","eventName":"n8n.workflow.success","message":"n8n.workflow.success","payload":{"executionId":"23","userId":"c0420d75-e306-4441-88bb-109851ea2734","success":true,"isManual":true,"workflowId":"yuokUpuIahdzYteX","workflowName":"My workflow"}}
{"__type":"$$EventMessageConfirm","confirm":"29744b74-29fd-4a00-a2b2-774054d1c79c","ts":"2025-09-19T22:17:27.240+00:00","source":{"id":"0","name":"eventBus"}}
{"__type":"$$EventMessageWorkflow","id":"54ed7214-0912-429f-833a-9bc323013e56","ts":"2025-09-19T22:17:27.930+00:00","eventName":"n8n.workflow.started","message":"n8n.workflow.started","payload":{"executionId":"24","workflowId":"yuokUpuIahdzYteX","isManual":false,"workflowName":"My workflow"}}
{"__type":"$$EventMessageConfirm","confirm":"54ed7214-0912-429f-833a-9bc323013e56","ts":"2025-09-19T22:17:27.930+00:00","source":{"id":"0","name":"eventBus"}}
{"__type":"$$EventMessageNode","id":"b4a50887-e76c-4234-93bc-20a282d648d1","ts":"2025-09-19T22:17:27.930+00:00","eventName":"n8n.node.started","message":"n8n.node.started","payload":{"workflowId":"yuokUpuIahdzYteX","workflowName":"My workflow","executionId":"24","nodeType":"CUSTOM.random","nodeName":"Random"}}
{"__type":"$$EventMessageConfirm","confirm":"b4a50887-e76c-4234-93bc-20a282d648d1","ts":"2025-09-19T22:17:27.930+00:00","source":{"id":"0","name":"eventBus"}}
{"__type":"$$EventMessageNode","id":"12f957d9-b839-4771-b4cb-bb1b7bfc870a","ts":"2025-09-19T22:17:28.300+00:00","eventName":"n8n.node.finished","message":"n8n.node.finished","payload":{"workflowId":"yuokUpuIahdzYteX","workflowName":"My workflow","executionId":"24","nodeType":"CUSTOM.random","nodeName":"Random"}}
{"__type":"$$EventMessageConfirm","confirm":"12f957d9-b839-4771-b4cb-bb1b7bfc870a","ts":"2025-09-19T22:17:28.300+00:00","source":{"id":"0","name":"eventBus"}}
{"__type":"$$EventMessageWorkflow","id":"b2a1cbbc-d391-4f80-b4ec-ffe2058f0c2f","ts":"2025-09-19T22:17:28.301+00:00","eventName":"n8n.workflow.success","message":"n8n.workflow.success","payload":{"executionId":"24","userId":"c0420d75-e306-4441-88bb-109851ea2734","success":true,"isManual":true,"workflowId":"yuokUpuIahdzYteX","workflowName":"My workflow"}}
{"__type":"$$EventMessageConfirm","confirm":"b2a1cbbc-d391-4f80-b4ec-ffe2058f0c2f","ts":"2025-09-19T22:17:28.301+00:00","source":{"id":"0","name":"eventBus"}}
{"__type":"$$EventMessageWorkflow","id":"7d8dfc92-67bb-4c46-b4be-0282db2eb220","ts":"2025-09-19T22:17:28.993+00:00","eventName":"n8n.workflow.started","message":"n8n.workflow.started","payload":{"executionId":"25","workflowId":"yuokUpuIahdzYteX","isManual":false,"workflowName":"My workflow"}}
{"__type":"$$EventMessageConfirm","confirm":"7d8dfc92-67bb-4c46-b4be-0282db2eb220","ts":"2025-09-19T22:17:28.993+00:00","source":{"id":"0","name":"eventBus"}}
{"__type":"$$EventMessageNode","id":"060afa58-52cb-4414-9fc7-a1db84cd60a0","ts":"2025-09-19T22:17:28.993+00:00","eventName":"n8n.node.started","message":"n8n.node.started","payload":{"workflowId":"yuokUpuIahdzYteX","workflowName":"My workflow","executionId":"25","nodeType":"CUSTOM.random","nodeName":"Random"}}
{"__type":"$$EventMessageConfirm","confirm":"060afa58-52cb-4414-9fc7-a1db84cd60a0","ts":"2025-09-19T22:17:28.993+00:00","source":{"id":"0","name":"eventBus"}}
{"__type":"$$EventMessageNode","id":"d0529a3c-7f3c-44ab-be11-c7a5b2dbee5c","ts":"2025-09-19T22:17:29.362+00:00","eventName":"n8n.node.finished","message":"n8n.node.finished","payload":{"workflowId":"yuokUpuIahdzYteX","workflowName":"My workflow","executionId":"25","nodeType":"CUSTOM.random","nodeName":"Random"}}
{"__type":"$$EventMessageConfirm","confirm":"d0529a3c-7f3c-44ab-be11-c7a5b2dbee5c","ts":"2025-09-19T22:17:29.362+00:00","source":{"id":"0","name":"eventBus"}}
{"__type":"$$EventMessageWorkflow","id":"a6f13dc2-67a0-49dd-a62a-24024f2bb99f","ts":"2025-09-19T22:17:29.363+00:00","eventName":"n8n.workflow.success","message":"n8n.workflow.success","payload":{"executionId":"25","userId":"c0420d75-e306-4441-88bb-109851ea2734","success":true,"isManual":true,"workflowId":"yuokUpuIahdzYteX","workflowName":"My workflow"}}
{"__type":"$$EventMessageConfirm","confirm":"a6f13dc2-67a0-49dd-a62a-24024f2bb99f","ts":"2025-09-19T22:17:29.363+00:00","source":{"id":"0","name":"eventBus"}}
{"__type":"$$EventMessageAudit","id":"1da630aa-cb18-469a-af3b-afd00675c237","ts":"2025-09-19T22:23:58.165+00:00","eventName":"n8n.audit.workflow.deleted","message":"n8n.audit.workflow.deleted","payload":{"userId":"c0420d75-e306-4441-88bb-109851ea2734","_email":"vaasmello@gmail.com","_firstName":"Vinicius","_lastName":"Mello","globalRole":"global:owner","workflowId":"yuokUpuIahdzYteX"}}
{"__type":"$$EventMessageConfirm","confirm":"1da630aa-cb18-469a-af3b-afd00675c237","ts":"2025-09-19T22:23:58.165+00:00","source":{"id":"0","name":"eventBus"}}
{"__type":"$$EventMessageAudit","id":"8ce4ef54-4db9-4b87-9c33-e254cd2a9490","ts":"2025-09-19T23:58:15.729+00:00","eventName":"n8n.audit.workflow.created","message":"n8n.audit.workflow.created","payload":{"userId":"c0420d75-e306-4441-88bb-109851ea2734","_email":"vaasmello@gmail.com","_firstName":"Vinicius","_lastName":"Mello","globalRole":"global:owner","workflowId":"AbHez4JAgw2FdFIS","workflowName":"My workflow"}}
{"__type":"$$EventMessageConfirm","confirm":"8ce4ef54-4db9-4b87-9c33-e254cd2a9490","ts":"2025-09-19T23:58:15.729+00:00","source":{"id":"0","name":"eventBus"}}
{"__type":"$$EventMessageWorkflow","id":"7615111e-8427-4e79-bb01-741c83cb71a6","ts":"2025-09-19T23:58:15.772+00:00","eventName":"n8n.workflow.started","message":"n8n.workflow.started","payload":{"executionId":"26","workflowId":"AbHez4JAgw2FdFIS","isManual":false,"workflowName":"My workflow"}}
{"__type":"$$EventMessageConfirm","confirm":"7615111e-8427-4e79-bb01-741c83cb71a6","ts":"2025-09-19T23:58:15.772+00:00","source":{"id":"0","name":"eventBus"}}
{"__type":"$$EventMessageNode","id":"c795d130-bc6e-4c71-8eee-a075f18c6f30","ts":"2025-09-19T23:58:15.773+00:00","eventName":"n8n.node.started","message":"n8n.node.started","payload":{"workflowId":"AbHez4JAgw2FdFIS","workflowName":"My workflow","executionId":"26","nodeType":"n8n-nodes-base.manualTrigger","nodeName":"When clicking ‘Test workflow’"}}
{"__type":"$$EventMessageConfirm","confirm":"c795d130-bc6e-4c71-8eee-a075f18c6f30","ts":"2025-09-19T23:58:15.773+00:00","source":{"id":"0","name":"eventBus"}}
{"__type":"$$EventMessageNode","id":"ece668c7-ba19-464d-8458-b18570b0df15","ts":"2025-09-19T23:58:15.773+00:00","eventName":"n8n.node.finished","message":"n8n.node.finished","payload":{"workflowId":"AbHez4JAgw2FdFIS","workflowName":"My workflow","executionId":"26","nodeType":"n8n-nodes-base.manualTrigger","nodeName":"When clicking ‘Test workflow’"}}
{"__type":"$$EventMessageConfirm","confirm":"ece668c7-ba19-464d-8458-b18570b0df15","ts":"2025-09-19T23:58:15.773+00:00","source":{"id":"0","name":"eventBus"}}
{"__type":"$$EventMessageNode","id":"f4bb0f9e-c75f-438c-9844-b4bce075e065","ts":"2025-09-19T23:58:15.774+00:00","eventName":"n8n.node.started","message":"n8n.node.started","payload":{"workflowId":"AbHez4JAgw2FdFIS","workflowName":"My workflow","executionId":"26","nodeType":"CUSTOM.random","nodeName":"Random"}}
{"__type":"$$EventMessageConfirm","confirm":"f4bb0f9e-c75f-438c-9844-b4bce075e065","ts":"2025-09-19T23:58:15.774+00:00","source":{"id":"0","name":"eventBus"}}
{"__type":"$$EventMessageNode","id":"911e39c6-d1a3-4743-a6df-a0dc7f9fd487","ts":"2025-09-19T23:58:16.663+00:00","eventName":"n8n.node.finished","message":"n8n.node.finished","payload":{"workflowId":"AbHez4JAgw2FdFIS","workflowName":"My workflow","executionId":"26","nodeType":"CUSTOM.random","nodeName":"Random"}}
{"__type":"$$EventMessageConfirm","confirm":"911e39c6-d1a3-4743-a6df-a0dc7f9fd487","ts":"2025-09-19T23:58:16.663+00:00","source":{"id":"0","name":"eventBus"}}
{"__type":"$$EventMessageWorkflow","id":"a8ba04f1-bf22-4ea3-b310-42fef22a8aa9","ts":"2025-09-19T23:58:16.664+00:00","eventName":"n8n.workflow.success","message":"n8n.workflow.success","payload":{"executionId":"26","userId":"c0420d75-e306-4441-88bb-109851ea2734","success":true,"isManual":true,"workflowId":"AbHez4JAgw2FdFIS","workflowName":"My workflow"}}
{"__type":"$$EventMessageConfirm","confirm":"a8ba04f1-bf22-4ea3-b310-42fef22a8aa9","ts":"2025-09-19T23:58:16.664+00:00","source":{"id":"0","name":"eventBus"}}
