{"__type":"$$EventMessageWorkflow","id":"cc4ec18d-fc9b-4b01-8bf1-786780fc5921","ts":"2025-09-20T00:13:59.739+00:00","eventName":"n8n.workflow.started","message":"n8n.workflow.started","payload":{"executionId":"27","workflowId":"AbHez4JAgw2FdFIS","isManual":false,"workflowName":"My workflow"}}
{"__type":"$$EventMessageConfirm","confirm":"cc4ec18d-fc9b-4b01-8bf1-786780fc5921","ts":"2025-09-20T00:13:59.740+00:00","source":{"id":"0","name":"eventBus"}}
{"__type":"$$EventMessageNode","id":"e8f9e69e-a17e-476c-9cb5-c01338587761","ts":"2025-09-20T00:13:59.741+00:00","eventName":"n8n.node.started","message":"n8n.node.started","payload":{"workflowId":"AbHez4JAgw2FdFIS","workflowName":"My workflow","executionId":"27","nodeType":"n8n-nodes-base.manualTrigger","nodeName":"When clicking ‘Test workflow’"}}
{"__type":"$$EventMessageConfirm","confirm":"e8f9e69e-a17e-476c-9cb5-c01338587761","ts":"2025-09-20T00:13:59.741+00:00","source":{"id":"0","name":"eventBus"}}
{"__type":"$$EventMessageNode","id":"9f41f358-4986-4ca8-8561-6ba0d474fcb5","ts":"2025-09-20T00:13:59.743+00:00","eventName":"n8n.node.finished","message":"n8n.node.finished","payload":{"workflowId":"AbHez4JAgw2FdFIS","workflowName":"My workflow","executionId":"27","nodeType":"n8n-nodes-base.manualTrigger","nodeName":"When clicking ‘Test workflow’"}}
{"__type":"$$EventMessageConfirm","confirm":"9f41f358-4986-4ca8-8561-6ba0d474fcb5","ts":"2025-09-20T00:13:59.743+00:00","source":{"id":"0","name":"eventBus"}}
{"__type":"$$EventMessageNode","id":"4e3e4c37-27a0-4f8b-a9c0-d00883461ea8","ts":"2025-09-20T00:13:59.743+00:00","eventName":"n8n.node.started","message":"n8n.node.started","payload":{"workflowId":"AbHez4JAgw2FdFIS","workflowName":"My workflow","executionId":"27","nodeType":"CUSTOM.random","nodeName":"Random"}}
{"__type":"$$EventMessageConfirm","confirm":"4e3e4c37-27a0-4f8b-a9c0-d00883461ea8","ts":"2025-09-20T00:13:59.743+00:00","source":{"id":"0","name":"eventBus"}}
{"__type":"$$EventMessageNode","id":"55815550-000b-4392-b6e3-82c58dd5ddce","ts":"2025-09-20T00:14:00.423+00:00","eventName":"n8n.node.finished","message":"n8n.node.finished","payload":{"workflowId":"AbHez4JAgw2FdFIS","workflowName":"My workflow","executionId":"27","nodeType":"CUSTOM.random","nodeName":"Random"}}
{"__type":"$$EventMessageConfirm","confirm":"55815550-000b-4392-b6e3-82c58dd5ddce","ts":"2025-09-20T00:14:00.423+00:00","source":{"id":"0","name":"eventBus"}}
{"__type":"$$EventMessageWorkflow","id":"2f205eb6-1768-4405-bba5-2c5baf2c9299","ts":"2025-09-20T00:14:00.426+00:00","eventName":"n8n.workflow.success","message":"n8n.workflow.success","payload":{"executionId":"27","userId":"c0420d75-e306-4441-88bb-109851ea2734","success":true,"isManual":true,"workflowId":"AbHez4JAgw2FdFIS","workflowName":"My workflow"}}
{"__type":"$$EventMessageConfirm","confirm":"2f205eb6-1768-4405-bba5-2c5baf2c9299","ts":"2025-09-20T00:14:00.426+00:00","source":{"id":"0","name":"eventBus"}}
{"__type":"$$EventMessageWorkflow","id":"4fc6ad92-fb0e-4c35-a814-c8a8dd996177","ts":"2025-09-20T00:14:05.286+00:00","eventName":"n8n.workflow.started","message":"n8n.workflow.started","payload":{"executionId":"28","workflowId":"AbHez4JAgw2FdFIS","isManual":false,"workflowName":"My workflow"}}
{"__type":"$$EventMessageConfirm","confirm":"4fc6ad92-fb0e-4c35-a814-c8a8dd996177","ts":"2025-09-20T00:14:05.286+00:00","source":{"id":"0","name":"eventBus"}}
{"__type":"$$EventMessageNode","id":"91b0b869-af2e-4def-b470-9c9c07f79694","ts":"2025-09-20T00:14:05.287+00:00","eventName":"n8n.node.started","message":"n8n.node.started","payload":{"workflowId":"AbHez4JAgw2FdFIS","workflowName":"My workflow","executionId":"28","nodeType":"CUSTOM.random","nodeName":"Random"}}
{"__type":"$$EventMessageConfirm","confirm":"91b0b869-af2e-4def-b470-9c9c07f79694","ts":"2025-09-20T00:14:05.287+00:00","source":{"id":"0","name":"eventBus"}}
{"__type":"$$EventMessageNode","id":"46e504f3-a5a5-45a5-b1e7-aee40780230e","ts":"2025-09-20T00:14:05.669+00:00","eventName":"n8n.node.finished","message":"n8n.node.finished","payload":{"workflowId":"AbHez4JAgw2FdFIS","workflowName":"My workflow","executionId":"28","nodeType":"CUSTOM.random","nodeName":"Random"}}
{"__type":"$$EventMessageConfirm","confirm":"46e504f3-a5a5-45a5-b1e7-aee40780230e","ts":"2025-09-20T00:14:05.669+00:00","source":{"id":"0","name":"eventBus"}}
{"__type":"$$EventMessageWorkflow","id":"0b50f73e-baef-444d-9934-6998c0bf32be","ts":"2025-09-20T00:14:05.671+00:00","eventName":"n8n.workflow.success","message":"n8n.workflow.success","payload":{"executionId":"28","userId":"c0420d75-e306-4441-88bb-109851ea2734","success":true,"isManual":true,"workflowId":"AbHez4JAgw2FdFIS","workflowName":"My workflow"}}
{"__type":"$$EventMessageConfirm","confirm":"0b50f73e-baef-444d-9934-6998c0bf32be","ts":"2025-09-20T00:14:05.671+00:00","source":{"id":"0","name":"eventBus"}}
{"__type":"$$EventMessageWorkflow","id":"38222bb1-164b-4fdd-b654-292cf04f9fa0","ts":"2025-09-20T00:14:06.412+00:00","eventName":"n8n.workflow.started","message":"n8n.workflow.started","payload":{"executionId":"29","workflowId":"AbHez4JAgw2FdFIS","isManual":false,"workflowName":"My workflow"}}
{"__type":"$$EventMessageConfirm","confirm":"38222bb1-164b-4fdd-b654-292cf04f9fa0","ts":"2025-09-20T00:14:06.412+00:00","source":{"id":"0","name":"eventBus"}}
{"__type":"$$EventMessageNode","id":"684ddda1-3659-49ba-a798-4850d720a2cd","ts":"2025-09-20T00:14:06.412+00:00","eventName":"n8n.node.started","message":"n8n.node.started","payload":{"workflowId":"AbHez4JAgw2FdFIS","workflowName":"My workflow","executionId":"29","nodeType":"CUSTOM.random","nodeName":"Random"}}
{"__type":"$$EventMessageConfirm","confirm":"684ddda1-3659-49ba-a798-4850d720a2cd","ts":"2025-09-20T00:14:06.412+00:00","source":{"id":"0","name":"eventBus"}}
{"__type":"$$EventMessageNode","id":"dc9ad81d-dc93-474f-a9e8-61f4cf0fd70c","ts":"2025-09-20T00:14:06.922+00:00","eventName":"n8n.node.finished","message":"n8n.node.finished","payload":{"workflowId":"AbHez4JAgw2FdFIS","workflowName":"My workflow","executionId":"29","nodeType":"CUSTOM.random","nodeName":"Random"}}
{"__type":"$$EventMessageConfirm","confirm":"dc9ad81d-dc93-474f-a9e8-61f4cf0fd70c","ts":"2025-09-20T00:14:06.922+00:00","source":{"id":"0","name":"eventBus"}}
{"__type":"$$EventMessageWorkflow","id":"c8ca5c35-f113-4d00-b0b7-c256f82816cf","ts":"2025-09-20T00:14:06.923+00:00","eventName":"n8n.workflow.success","message":"n8n.workflow.success","payload":{"executionId":"29","userId":"c0420d75-e306-4441-88bb-109851ea2734","success":true,"isManual":true,"workflowId":"AbHez4JAgw2FdFIS","workflowName":"My workflow"}}
{"__type":"$$EventMessageConfirm","confirm":"c8ca5c35-f113-4d00-b0b7-c256f82816cf","ts":"2025-09-20T00:14:06.923+00:00","source":{"id":"0","name":"eventBus"}}
{"__type":"$$EventMessageWorkflow","id":"acff737e-f399-424f-91f8-a6f8018f1e74","ts":"2025-09-20T00:14:07.368+00:00","eventName":"n8n.workflow.started","message":"n8n.workflow.started","payload":{"executionId":"30","workflowId":"AbHez4JAgw2FdFIS","isManual":false,"workflowName":"My workflow"}}
{"__type":"$$EventMessageConfirm","confirm":"acff737e-f399-424f-91f8-a6f8018f1e74","ts":"2025-09-20T00:14:07.368+00:00","source":{"id":"0","name":"eventBus"}}
{"__type":"$$EventMessageNode","id":"d13b1acd-acf8-4d61-88fe-920616055cfb","ts":"2025-09-20T00:14:07.368+00:00","eventName":"n8n.node.started","message":"n8n.node.started","payload":{"workflowId":"AbHez4JAgw2FdFIS","workflowName":"My workflow","executionId":"30","nodeType":"CUSTOM.random","nodeName":"Random"}}
{"__type":"$$EventMessageConfirm","confirm":"d13b1acd-acf8-4d61-88fe-920616055cfb","ts":"2025-09-20T00:14:07.368+00:00","source":{"id":"0","name":"eventBus"}}
{"__type":"$$EventMessageNode","id":"12ec11d0-a707-4c05-8a20-8f3d25c3ac78","ts":"2025-09-20T00:14:07.842+00:00","eventName":"n8n.node.finished","message":"n8n.node.finished","payload":{"workflowId":"AbHez4JAgw2FdFIS","workflowName":"My workflow","executionId":"30","nodeType":"CUSTOM.random","nodeName":"Random"}}
{"__type":"$$EventMessageConfirm","confirm":"12ec11d0-a707-4c05-8a20-8f3d25c3ac78","ts":"2025-09-20T00:14:07.842+00:00","source":{"id":"0","name":"eventBus"}}
{"__type":"$$EventMessageWorkflow","id":"7a8c6bba-3e8f-42b4-9486-c3d76cf7d4d4","ts":"2025-09-20T00:14:07.843+00:00","eventName":"n8n.workflow.success","message":"n8n.workflow.success","payload":{"executionId":"30","userId":"c0420d75-e306-4441-88bb-109851ea2734","success":true,"isManual":true,"workflowId":"AbHez4JAgw2FdFIS","workflowName":"My workflow"}}
{"__type":"$$EventMessageConfirm","confirm":"7a8c6bba-3e8f-42b4-9486-c3d76cf7d4d4","ts":"2025-09-20T00:14:07.843+00:00","source":{"id":"0","name":"eventBus"}}
{"__type":"$$EventMessageWorkflow","id":"e88a0bb0-e2be-4d9e-b22d-d35e5cda00cf","ts":"2025-09-20T00:14:08.964+00:00","eventName":"n8n.workflow.started","message":"n8n.workflow.started","payload":{"executionId":"31","workflowId":"AbHez4JAgw2FdFIS","isManual":false,"workflowName":"My workflow"}}
{"__type":"$$EventMessageConfirm","confirm":"e88a0bb0-e2be-4d9e-b22d-d35e5cda00cf","ts":"2025-09-20T00:14:08.964+00:00","source":{"id":"0","name":"eventBus"}}
{"__type":"$$EventMessageNode","id":"080bdcd0-cf77-493d-8028-d13e1329bc07","ts":"2025-09-20T00:14:08.964+00:00","eventName":"n8n.node.started","message":"n8n.node.started","payload":{"workflowId":"AbHez4JAgw2FdFIS","workflowName":"My workflow","executionId":"31","nodeType":"CUSTOM.random","nodeName":"Random"}}
{"__type":"$$EventMessageConfirm","confirm":"080bdcd0-cf77-493d-8028-d13e1329bc07","ts":"2025-09-20T00:14:08.965+00:00","source":{"id":"0","name":"eventBus"}}
{"__type":"$$EventMessageNode","id":"4673d79c-0f17-4ebc-9bdb-bce10f6c2854","ts":"2025-09-20T00:14:09.603+00:00","eventName":"n8n.node.finished","message":"n8n.node.finished","payload":{"workflowId":"AbHez4JAgw2FdFIS","workflowName":"My workflow","executionId":"31","nodeType":"CUSTOM.random","nodeName":"Random"}}
{"__type":"$$EventMessageConfirm","confirm":"4673d79c-0f17-4ebc-9bdb-bce10f6c2854","ts":"2025-09-20T00:14:09.603+00:00","source":{"id":"0","name":"eventBus"}}
{"__type":"$$EventMessageWorkflow","id":"ab4b935f-77e7-4928-9735-4279b7f8194b","ts":"2025-09-20T00:14:09.604+00:00","eventName":"n8n.workflow.success","message":"n8n.workflow.success","payload":{"executionId":"31","userId":"c0420d75-e306-4441-88bb-109851ea2734","success":true,"isManual":true,"workflowId":"AbHez4JAgw2FdFIS","workflowName":"My workflow"}}
{"__type":"$$EventMessageConfirm","confirm":"ab4b935f-77e7-4928-9735-4279b7f8194b","ts":"2025-09-20T00:14:09.604+00:00","source":{"id":"0","name":"eventBus"}}
{"__type":"$$EventMessageWorkflow","id":"3b1e7ca0-e001-434f-ab62-1e1413b140fc","ts":"2025-09-20T00:28:43.388+00:00","eventName":"n8n.workflow.started","message":"n8n.workflow.started","payload":{"executionId":"32","workflowId":"AbHez4JAgw2FdFIS","isManual":false,"workflowName":"My workflow"}}
{"__type":"$$EventMessageConfirm","confirm":"3b1e7ca0-e001-434f-ab62-1e1413b140fc","ts":"2025-09-20T00:28:43.388+00:00","source":{"id":"0","name":"eventBus"}}
{"__type":"$$EventMessageNode","id":"1ce11a36-cbd1-480a-b351-4bb0ac9469d4","ts":"2025-09-20T00:28:43.389+00:00","eventName":"n8n.node.started","message":"n8n.node.started","payload":{"workflowId":"AbHez4JAgw2FdFIS","workflowName":"My workflow","executionId":"32","nodeType":"n8n-nodes-base.manualTrigger","nodeName":"When clicking ‘Test workflow’"}}
{"__type":"$$EventMessageConfirm","confirm":"1ce11a36-cbd1-480a-b351-4bb0ac9469d4","ts":"2025-09-20T00:28:43.389+00:00","source":{"id":"0","name":"eventBus"}}
{"__type":"$$EventMessageNode","id":"c500da40-38a9-4f55-baca-8ccde206c1ac","ts":"2025-09-20T00:28:43.389+00:00","eventName":"n8n.node.finished","message":"n8n.node.finished","payload":{"workflowId":"AbHez4JAgw2FdFIS","workflowName":"My workflow","executionId":"32","nodeType":"n8n-nodes-base.manualTrigger","nodeName":"When clicking ‘Test workflow’"}}
{"__type":"$$EventMessageConfirm","confirm":"c500da40-38a9-4f55-baca-8ccde206c1ac","ts":"2025-09-20T00:28:43.389+00:00","source":{"id":"0","name":"eventBus"}}
{"__type":"$$EventMessageNode","id":"4610c486-d955-4ae8-b6f2-d7a5438a7f3c","ts":"2025-09-20T00:28:43.390+00:00","eventName":"n8n.node.started","message":"n8n.node.started","payload":{"workflowId":"AbHez4JAgw2FdFIS","workflowName":"My workflow","executionId":"32","nodeType":"CUSTOM.random","nodeName":"Random"}}
{"__type":"$$EventMessageConfirm","confirm":"4610c486-d955-4ae8-b6f2-d7a5438a7f3c","ts":"2025-09-20T00:28:43.390+00:00","source":{"id":"0","name":"eventBus"}}
{"__type":"$$EventMessageNode","id":"eeb75157-cd5d-47af-87bf-5884aed2c701","ts":"2025-09-20T00:28:43.810+00:00","eventName":"n8n.node.finished","message":"n8n.node.finished","payload":{"workflowId":"AbHez4JAgw2FdFIS","workflowName":"My workflow","executionId":"32","nodeType":"CUSTOM.random","nodeName":"Random"}}
{"__type":"$$EventMessageConfirm","confirm":"eeb75157-cd5d-47af-87bf-5884aed2c701","ts":"2025-09-20T00:28:43.810+00:00","source":{"id":"0","name":"eventBus"}}
{"__type":"$$EventMessageWorkflow","id":"3d7d73be-a371-4296-b083-d382d92140b3","ts":"2025-09-20T00:28:43.811+00:00","eventName":"n8n.workflow.success","message":"n8n.workflow.success","payload":{"executionId":"32","userId":"c0420d75-e306-4441-88bb-109851ea2734","success":true,"isManual":true,"workflowId":"AbHez4JAgw2FdFIS","workflowName":"My workflow"}}
{"__type":"$$EventMessageConfirm","confirm":"3d7d73be-a371-4296-b083-d382d92140b3","ts":"2025-09-20T00:28:43.811+00:00","source":{"id":"0","name":"eventBus"}}
{"__type":"$$EventMessageWorkflow","id":"ee29ab01-6bb3-47fc-9df6-a8690e0404e6","ts":"2025-09-20T01:04:27.783+00:00","eventName":"n8n.workflow.started","message":"n8n.workflow.started","payload":{"executionId":"33","workflowId":"AbHez4JAgw2FdFIS","isManual":false,"workflowName":"My workflow"}}
{"__type":"$$EventMessageConfirm","confirm":"ee29ab01-6bb3-47fc-9df6-a8690e0404e6","ts":"2025-09-20T01:04:27.783+00:00","source":{"id":"0","name":"eventBus"}}
{"__type":"$$EventMessageNode","id":"0bd8dd7d-b5c9-4c38-a5f9-2e1db2174b37","ts":"2025-09-20T01:04:27.784+00:00","eventName":"n8n.node.started","message":"n8n.node.started","payload":{"workflowId":"AbHez4JAgw2FdFIS","workflowName":"My workflow","executionId":"33","nodeType":"n8n-nodes-base.manualTrigger","nodeName":"When clicking ‘Test workflow’"}}
{"__type":"$$EventMessageConfirm","confirm":"0bd8dd7d-b5c9-4c38-a5f9-2e1db2174b37","ts":"2025-09-20T01:04:27.784+00:00","source":{"id":"0","name":"eventBus"}}
{"__type":"$$EventMessageNode","id":"41d4d152-9d91-4d5b-9fb2-f78109d267ce","ts":"2025-09-20T01:04:27.785+00:00","eventName":"n8n.node.finished","message":"n8n.node.finished","payload":{"workflowId":"AbHez4JAgw2FdFIS","workflowName":"My workflow","executionId":"33","nodeType":"n8n-nodes-base.manualTrigger","nodeName":"When clicking ‘Test workflow’"}}
{"__type":"$$EventMessageConfirm","confirm":"41d4d152-9d91-4d5b-9fb2-f78109d267ce","ts":"2025-09-20T01:04:27.785+00:00","source":{"id":"0","name":"eventBus"}}
{"__type":"$$EventMessageNode","id":"119ca35e-0a13-4809-b2cb-9d4f2bdc3861","ts":"2025-09-20T01:04:27.785+00:00","eventName":"n8n.node.started","message":"n8n.node.started","payload":{"workflowId":"AbHez4JAgw2FdFIS","workflowName":"My workflow","executionId":"33","nodeType":"CUSTOM.random","nodeName":"Random"}}
{"__type":"$$EventMessageConfirm","confirm":"119ca35e-0a13-4809-b2cb-9d4f2bdc3861","ts":"2025-09-20T01:04:27.785+00:00","source":{"id":"0","name":"eventBus"}}
{"__type":"$$EventMessageNode","id":"e1c7120c-82e5-438b-b1d3-a6eb0810405a","ts":"2025-09-20T01:04:28.246+00:00","eventName":"n8n.node.finished","message":"n8n.node.finished","payload":{"workflowId":"AbHez4JAgw2FdFIS","workflowName":"My workflow","executionId":"33","nodeType":"CUSTOM.random","nodeName":"Random"}}
{"__type":"$$EventMessageConfirm","confirm":"e1c7120c-82e5-438b-b1d3-a6eb0810405a","ts":"2025-09-20T01:04:28.246+00:00","source":{"id":"0","name":"eventBus"}}
{"__type":"$$EventMessageWorkflow","id":"e7ab9b07-4e5f-444e-91e7-4a0ff6b26c4c","ts":"2025-09-20T01:04:28.247+00:00","eventName":"n8n.workflow.success","message":"n8n.workflow.success","payload":{"executionId":"33","userId":"c0420d75-e306-4441-88bb-109851ea2734","success":true,"isManual":true,"workflowId":"AbHez4JAgw2FdFIS","workflowName":"My workflow"}}
{"__type":"$$EventMessageConfirm","confirm":"e7ab9b07-4e5f-444e-91e7-4a0ff6b26c4c","ts":"2025-09-20T01:04:28.247+00:00","source":{"id":"0","name":"eventBus"}}
